<?xml version="1.0" encoding="UTF-8"?>
<testng-results ignored="0" total="3" passed="3" failed="0" skipped="0">
  <reporter-output>
  </reporter-output>
  <suite started-at="2026-03-25T14:24:39 IST" name="Default suite" finished-at="2026-03-25T14:25:26 IST" duration-ms="47510">
    <groups>
    </groups>
    <test started-at="2026-03-25T14:24:39 IST" name="Default test" finished-at="2026-03-25T14:25:26 IST" duration-ms="47510">
      <class name="demo_ExtentReports.CaptureScreenshot">
        <test-method signature="screenShot()[pri:0, instance:demo_ExtentReports.CaptureScreenshot@62379589]" started-at="2026-03-25T14:24:39 IST" name="screenShot" finished-at="2026-03-25T14:24:53 IST" duration-ms="13940" status="PASS">
          <reporter-output>
          </reporter-output>
        </test-method> <!-- screenShot -->
        <test-method signature="screenShot()[pri:0, instance:demo_ExtentReports.CaptureScreenshot@62379589]" started-at="2026-03-25T14:24:53 IST" name="screenShot" finished-at="2026-03-25T14:25:08 IST" duration-ms="15553" status="PASS">
          <reporter-output>
          </reporter-output>
        </test-method> <!-- screenShot -->
        <test-method signature="screenShot()[pri:0, instance:demo_ExtentReports.CaptureScreenshot@62379589]" started-at="2026-03-25T14:25:08 IST" name="screenShot" finished-at="2026-03-25T14:25:26 IST" duration-ms="17959" status="PASS">
          <reporter-output>
          </reporter-output>
        </test-method> <!-- screenShot -->
      </class> <!-- demo_ExtentReports.CaptureScreenshot -->
    </test> <!-- Default test -->
  </suite> <!-- Default suite -->
</testng-results>
