<?xml version="1.0" encoding="UTF-8"?>
<!-- Generated by org.testng.reporters.JUnitXMLReporter -->
<testsuite ignored="0" hostname="Monica" failures="0" tests="5" name="Test" time="14.217" errors="0" timestamp="2026-03-12T13:24:33 IST">
  <testcase classname="Practice.SoftAssert_Equals" name="demoTest" time="0.03"/>
  <testcase classname="Practice.HardAssert_Equals" name="testMethod" time="3.456"/>
  <testcase classname="Practice.Soft_Hard_OrangeHRM" name="LaunchingBrowser" time="1.122"/>
  <testcase classname="Practice.Soft_Hard_OrangeHRM" name="Login" time="7.801"/>
  <testcase classname="Practice.Soft_Hard_OrangeHRM" name="HardAssertTest" time="1.708"/>
</testsuite> <!-- Test -->
