<?xml version="1.0" encoding="UTF-8"?>
<!-- Generated by org.testng.reporters.JUnitReportReporter -->
<testsuite hostname="Monica" failures="0" tests="1" name="Assisgnment_OrangeHRM_TestNG.OrangeHRM_Recruitment_Add_Vacancy" time="83.186" errors="0" timestamp="2026-03-17T11:10:35 IST" skipped="0">
  <testcase classname="Assisgnment_OrangeHRM_TestNG.OrangeHRM_Recruitment_Add_Vacancy" name="AddVacancy" time="83.186"/>
  <system-out>
    <![CDATA[----Exceuting Before Suite----
----Exceuting Before Class----
----Exceuting Before Class----
----Exceuting Before Method----
----Exceuting After Method----
----Exceuting After Class----
----Exceuting After Test----
----Exceuting After Suite----]]>
  </system-out>
</testsuite> <!-- Assisgnment_OrangeHRM_TestNG.OrangeHRM_Recruitment_Add_Vacancy -->
