<?xml version="1.0" encoding="UTF-8"?>
<!-- Generated by org.testng.reporters.JUnitReportReporter -->
<testsuite hostname="Monica" failures="0" tests="1" name="co.orangehrm.seleniumuiframework.PIM.AddEmpTest" time="18.823" errors="0" timestamp="2026-03-25T11:16:13 IST" skipped="0">
  <testcase classname="co.orangehrm.seleniumuiframework.PIM.AddEmpTest" name="AddEmployee" time="18.823">
    <system-out>
      <![CDATA[Test Status : Pass ]]>
    </system-out>
  </testcase> <!-- AddEmployee -->
  <system-out>
    <![CDATA[----Exceuting Before Suite----
----Exceuting Before Class----
----Exceuting Before Class----
----Exceuting Before Method----
Test Status : Pass 
----Exceuting After Method----
----Exceuting After Class----
----Exceuting After Test----
----Exceuting After Suite----]]>
  </system-out>
</testsuite> <!-- co.orangehrm.seleniumuiframework.PIM.AddEmpTest -->
