<?xml version="1.0" encoding="UTF-8"?>
<!-- Generated by org.testng.reporters.JUnitReportReporter -->
<testsuite hostname="Monica" failures="0" tests="3" name="demo_ExtentReports.CaptureScreenshot" time="47.452" errors="0" timestamp="2026-03-25T14:25:26 IST" skipped="0">
  <testcase classname="demo_ExtentReports.CaptureScreenshot" name="screenShot" time="13.940"/>
  <testcase classname="demo_ExtentReports.CaptureScreenshot" name="screenShot" time="17.959"/>
  <testcase classname="demo_ExtentReports.CaptureScreenshot" name="screenShot" time="15.553"/>
</testsuite> <!-- demo_ExtentReports.CaptureScreenshot -->
