<?xml version="1.0" encoding="UTF-8"?>
<!-- Generated by org.testng.reporters.JUnitReportReporter -->
<testsuite hostname="Monica" failures="0" tests="1" name="com.orangehrm.seleniumuiframework.Recruitment.CreateVacancyTest" time="69.505" errors="0" timestamp="2026-03-25T08:38:11 IST" skipped="0">
  <testcase classname="com.orangehrm.seleniumuiframework.Recruitment.CreateVacancyTest" name="addVacancy" time="69.505">
    <system-out>
      <![CDATA[failed
failed
failed
failed
failed
failed
failed
failed
failed
failed
failed
failed
failed
failed
failed
failed
failed]]>
    </system-out>
  </testcase> <!-- addVacancy -->
  <system-out>
    <![CDATA[----Exceuting Before Suite----
----Exceuting Before Class----
----Exceuting Before Class----
----Exceuting Before Method----
failed
failed
failed
failed
failed
failed
failed
failed
failed
failed
failed
failed
failed
failed
failed
failed
failed
----Exceuting After Method----
----Exceuting After Class----
----Exceuting After Test----
----Exceuting After Suite----]]>
  </system-out>
</testsuite> <!-- com.orangehrm.seleniumuiframework.Recruitment.CreateVacancyTest -->
