<?xml version="1.0" encoding="UTF-8"?>
<!-- Generated by org.testng.reporters.JUnitReportReporter -->
<testsuite hostname="Monica" failures="0" tests="1" name="demo.PractceBaseClass" time="16.660" errors="0" timestamp="2026-03-24T09:18:57 IST" skipped="0">
  <testcase classname="demo.PractceBaseClass" name="testMethod" time="16.660"/>
  <system-out>
    <![CDATA[----Exceuting Before Suite----
----Exceuting Before Class----
----Exceuting Before Class----
----Exceuting Before Method----
----Exceuting After Method----
----Exceuting After Class----
----Exceuting After Test----
----Exceuting After Suite----]]>
  </system-out>
</testsuite> <!-- demo.PractceBaseClass -->
