<?xml version="1.0" encoding="UTF-8"?>
<!-- Generated by org.testng.reporters.JUnitReportReporter -->
<testsuite hostname="Monica" failures="0" tests="3" name="demo.ReadData_From_DataProvider" time="0.024" errors="0" timestamp="2026-03-18T10:44:10 IST" skipped="0">
  <testcase classname="demo.ReadData_From_DataProvider" name="Readfrom_DataProvider" time="0.018"/>
  <testcase classname="demo.ReadData_From_DataProvider" name="Readfrom_DataProvider" time="0.004"/>
  <testcase classname="demo.ReadData_From_DataProvider" name="Readfrom_DataProvider" time="0.002"/>
</testsuite> <!-- demo.ReadData_From_DataProvider -->
