<?xml version="1.0" encoding="UTF-8"?>
<!-- Generated by org.testng.reporters.JUnitXMLReporter -->
<testsuite ignored="0" hostname="Monica" failures="0" tests="5" name="Test_Assert" time="14.606" errors="0" timestamp="2026-03-13T08:18:01 IST">
  <testcase classname="Practice.SoftAssert_Equals" name="demoTest" time="0.017"/>
  <testcase classname="Practice.Soft_Hard_OrangeHRM" name="LaunchingBrowser" time="2.169"/>
  <testcase classname="Practice.HardAssert_Equals" name="testMethod" time="2.719"/>
  <testcase classname="Practice.Soft_Hard_OrangeHRM" name="Login" time="10.608"/>
  <testcase classname="Practice.Soft_Hard_OrangeHRM" name="HardAssertTest" time="1.76"/>
</testsuite> <!-- Test_Assert -->
