<?xml version="1.0" encoding="UTF-8"?>
<testng-results ignored="0" total="1" passed="1" failed="0" skipped="0">
  <reporter-output>
  </reporter-output>
  <suite started-at="2026-03-16T08:47:59 IST" name="Default suite" finished-at="2026-03-16T08:48:02 IST" duration-ms="3065">
    <groups>
    </groups>
    <test started-at="2026-03-16T08:47:59 IST" name="Default test" finished-at="2026-03-16T08:48:02 IST" duration-ms="3065">
      <class name="Practice.LoginTest_Factory">
        <test-method is-config="true" signature="BeforeClass()[pri:0, instance:Practice.LoginTest_Factory@815b41f]" started-at="2026-03-16T08:47:59 IST" name="BeforeClass" finished-at="2026-03-16T08:48:01 IST" duration-ms="2083" status="PASS">
          <reporter-output>
          </reporter-output>
        </test-method> <!-- BeforeClass -->
        <test-method signature="login()[pri:0, instance:Practice.LoginTest_Factory@815b41f]" started-at="2026-03-16T08:48:01 IST" name="login" finished-at="2026-03-16T08:48:02 IST" duration-ms="915" status="PASS">
          <reporter-output>
          </reporter-output>
        </test-method> <!-- login -->
      </class> <!-- Practice.LoginTest_Factory -->
    </test> <!-- Default test -->
  </suite> <!-- Default suite -->
</testng-results>
