<?xml version="1.0" encoding="UTF-8"?>
<!-- Generated by org.testng.reporters.JUnitReportReporter -->
<testsuite hostname="Monica" failures="0" tests="2" name="March_11.SauceLab_AddToCart" time="1.508" errors="0" timestamp="2026-03-11T14:52:14 IST" skipped="0">
  <testcase classname="March_11.SauceLab_AddToCart" name="logIn" time="1.018">
    <system-out>
      <![CDATA[Swag Labs Page : Pass]]>
    </system-out>
  </testcase> <!-- logIn -->
  <testcase classname="March_11.SauceLab_AddToCart" name="logOut" time="0.490"/>
  <system-out>
    <![CDATA[---Exceuting before Suite---
---Exceuting before Test---
---Exceuting before Class---
---Exceuting before Method---
Swag Labs Page : Pass
---Exceuting after Method---
---Exceuting before Method---
---Exceuting after Method---
---Exceuting after Class---
---Exceuting after Test---
---Exceuting after Suite---]]>
  </system-out>
</testsuite> <!-- March_11.SauceLab_AddToCart -->
