<?xml version="1.0" encoding="UTF-8"?>
<!-- Generated by org.testng.reporters.JUnitReportReporter -->
<testsuite hostname="Monica" failures="0" tests="4" name="OrangeHRM_Recruitment.OrangeHRM_PIM_Reason" time="54.751" errors="0" timestamp="2026-03-12T21:33:20 IST" skipped="0">
  <testcase classname="OrangeHRM_Recruitment.OrangeHRM_PIM_Reason" name="LaunchingBrowser" time="2.299"/>
  <testcase classname="OrangeHRM_Recruitment.OrangeHRM_PIM_Reason" name="Login" time="34.916">
    <system-out>
      <![CDATA[Login Page Status : Passed]]>
    </system-out>
  </testcase> <!-- Login -->
  <testcase classname="OrangeHRM_Recruitment.OrangeHRM_PIM_Reason" name="Pim_Reason" time="15.172"/>
  <testcase classname="OrangeHRM_Recruitment.OrangeHRM_PIM_Reason" name="LogOut" time="2.364">
    <system-out>
      <![CDATA[LogOut status : Passed]]>
    </system-out>
  </testcase> <!-- LogOut -->
  <system-out>
    <![CDATA[Login Page Status : Passed
LogOut status : Passed]]>
  </system-out>
</testsuite> <!-- OrangeHRM_Recruitment.OrangeHRM_PIM_Reason -->
