<?xml version="1.0" encoding="UTF-8"?>
<!-- Generated by org.testng.reporters.JUnitReportReporter -->
<testsuite hostname="Monica" failures="0" tests="3" name="Practice.DemoTest_TestNG" time="0.024" errors="0" timestamp="2026-03-12T08:21:20 IST" skipped="0">
  <testcase classname="Practice.DemoTest_TestNG" name="login" time="0.018"/>
  <testcase classname="Practice.DemoTest_TestNG" name="addEmp" time="0.003"/>
  <testcase classname="Practice.DemoTest_TestNG" name="logOut" time="0.003"/>
</testsuite> <!-- Practice.DemoTest_TestNG -->
