<?xml version="1.0" encoding="UTF-8"?>
<!-- Generated by org.testng.reporters.JUnitReportReporter -->
<testsuite hostname="Monica" failures="0" tests="3" name="Practice.Soft_Hard_OrangeHRM" time="14.537" errors="0" timestamp="2026-03-13T08:18:01 IST" skipped="0">
  <testcase classname="Practice.Soft_Hard_OrangeHRM" name="LaunchingBrowser" time="2.169"/>
  <testcase classname="Practice.Soft_Hard_OrangeHRM" name="Login" time="10.608"/>
  <testcase classname="Practice.Soft_Hard_OrangeHRM" name="HardAssertTest" time="1.760"/>
</testsuite> <!-- Practice.Soft_Hard_OrangeHRM -->
