<?xml version="1.0" encoding="UTF-8"?>
<!-- Generated by org.testng.reporters.JUnitReportReporter -->
<testsuite hostname="Monica" failures="0" tests="4" name="OrangeHRM_Recruitment.OrangeHRM_Buzz" time="25.576" errors="0" timestamp="2026-03-12T08:37:20 IST" skipped="0">
  <testcase classname="OrangeHRM_Recruitment.OrangeHRM_Buzz" name="LaunchingBrowser" time="3.144"/>
  <testcase classname="OrangeHRM_Recruitment.OrangeHRM_Buzz" name="Login" time="16.714">
    <system-out>
      <![CDATA[Login Page Status : Passed]]>
    </system-out>
  </testcase> <!-- Login -->
  <testcase classname="OrangeHRM_Recruitment.OrangeHRM_Buzz" name="BuzzPost" time="3.441">
    <system-out>
      <![CDATA[Post verify : Passed]]>
    </system-out>
  </testcase> <!-- BuzzPost -->
  <testcase classname="OrangeHRM_Recruitment.OrangeHRM_Buzz" name="LogOut" time="2.277"/>
  <system-out>
    <![CDATA[Login Page Status : Passed
Post verify : Passed]]>
  </system-out>
</testsuite> <!-- OrangeHRM_Recruitment.OrangeHRM_Buzz -->
