<?xml version="1.0" encoding="UTF-8"?>
<!-- Generated by org.testng.reporters.JUnitReportReporter -->
<testsuite hostname="Monica" failures="0" tests="4" name="OrangeHRM_Recruitment.OrangeHRM_Recruitment_Add_Vacancy" time="78.373" errors="0" timestamp="2026-03-12T20:59:31 IST" skipped="0">
  <testcase classname="OrangeHRM_Recruitment.OrangeHRM_Recruitment_Add_Vacancy" name="LaunchingBrowser" time="2.160"/>
  <testcase classname="OrangeHRM_Recruitment.OrangeHRM_Recruitment_Add_Vacancy" name="Login" time="46.471">
    <system-out>
      <![CDATA[Login Page Status : Passed]]>
    </system-out>
  </testcase> <!-- Login -->
  <testcase classname="OrangeHRM_Recruitment.OrangeHRM_Recruitment_Add_Vacancy" name="AddVacancy" time="24.559"/>
  <testcase classname="OrangeHRM_Recruitment.OrangeHRM_Recruitment_Add_Vacancy" name="LogOut" time="5.183">
    <system-out>
      <![CDATA[LogOut status : Passed]]>
    </system-out>
  </testcase> <!-- LogOut -->
  <system-out>
    <![CDATA[Login Page Status : Passed
LogOut status : Passed]]>
  </system-out>
</testsuite> <!-- OrangeHRM_Recruitment.OrangeHRM_Recruitment_Add_Vacancy -->
