<?xml version="1.0" encoding="UTF-8"?>
<!-- Generated by org.testng.reporters.JUnitReportReporter -->
<testsuite hostname="Monica" failures="0" tests="10" name="Invocation_TestNG.Invocation_Count" time="28.011" errors="0" timestamp="2026-03-14T10:57:06 IST" skipped="0">
  <testcase classname="Invocation_TestNG.Invocation_Count" name="Login_Logout" time="2.577"/>
  <testcase classname="Invocation_TestNG.Invocation_Count" name="Login_Logout" time="2.614"/>
  <testcase classname="Invocation_TestNG.Invocation_Count" name="Login_Logout" time="2.541"/>
  <testcase classname="Invocation_TestNG.Invocation_Count" name="Login_Logout" time="2.714"/>
  <testcase classname="Invocation_TestNG.Invocation_Count" name="Login_Logout" time="2.554"/>
  <testcase classname="Invocation_TestNG.Invocation_Count" name="Login_Logout" time="2.614"/>
  <testcase classname="Invocation_TestNG.Invocation_Count" name="Login_Logout" time="2.680"/>
  <testcase classname="Invocation_TestNG.Invocation_Count" name="Login_Logout" time="2.531"/>
  <testcase classname="Invocation_TestNG.Invocation_Count" name="Login_Logout" time="4.551"/>
  <testcase classname="Invocation_TestNG.Invocation_Count" name="Login_Logout" time="2.635"/>
</testsuite> <!-- Invocation_TestNG.Invocation_Count -->
