<?xml version="1.0" encoding="UTF-8"?>
<!-- Generated by org.testng.reporters.JUnitReportReporter -->
<testsuite hostname="Monica" failures="0" tests="4" name="OrangeHRM_Recruitment.OrangeHRM_PIM_AddUser" time="52.905" errors="0" timestamp="2026-03-12T22:33:45 IST" skipped="0">
  <testcase classname="OrangeHRM_Recruitment.OrangeHRM_PIM_AddUser" name="LaunchingBrowser" time="2.178"/>
  <testcase classname="OrangeHRM_Recruitment.OrangeHRM_PIM_AddUser" name="Login" time="38.681">
    <system-out>
      <![CDATA[Login Page Status : Passed]]>
    </system-out>
  </testcase> <!-- Login -->
  <testcase classname="OrangeHRM_Recruitment.OrangeHRM_PIM_AddUser" name="admin_user" time="6.123"/>
  <testcase classname="OrangeHRM_Recruitment.OrangeHRM_PIM_AddUser" name="addUser" time="5.923"/>
  <system-out>
    <![CDATA[Login Page Status : Passed]]>
  </system-out>
</testsuite> <!-- OrangeHRM_Recruitment.OrangeHRM_PIM_AddUser -->
