<?xml version="1.0" encoding="UTF-8"?>
<!-- Generated by org.testng.reporters.JUnitReportReporter -->
<testsuite hostname="Monica" failures="0" tests="5" name="OrangeHRM_Recruitment.Vacancy" time="88.298" errors="0" timestamp="2026-03-12T20:20:00 IST" skipped="0">
  <testcase classname="OrangeHRM_Recruitment.Vacancy" name="LaunchingBrowser" time="2.085"/>
  <testcase classname="OrangeHRM_Recruitment.Vacancy" name="Login" time="42.552">
    <system-out>
      <![CDATA[Login Page Status : Passed]]>
    </system-out>
  </testcase> <!-- Login -->
  <testcase classname="OrangeHRM_Recruitment.Vacancy" name="Recruit_User" time="17.263">
    <system-out>
      <![CDATA[User Add status : Passed]]>
    </system-out>
  </testcase> <!-- Recruit_User -->
  <testcase classname="OrangeHRM_Recruitment.Vacancy" name="Verify_Canditate" time="14.683"/>
  <testcase classname="OrangeHRM_Recruitment.Vacancy" name="LogOut" time="11.715">
    <system-out>
      <![CDATA[LogOut status : Passed]]>
    </system-out>
  </testcase> <!-- LogOut -->
  <system-out>
    <![CDATA[Login Page Status : Passed
User Add status : Passed
LogOut status : Passed]]>
  </system-out>
</testsuite> <!-- OrangeHRM_Recruitment.Vacancy -->
