<?xml version="1.0" encoding="UTF-8"?>
<!-- Generated by org.testng.reporters.JUnitReportReporter -->
<testsuite hostname="Monica" failures="0" tests="3" name="GenericUtility.CrossBrowser_BaseClass" time="5.484" errors="0" timestamp="2026-03-13T11:09:31 IST" skipped="0">
  <testcase classname="GenericUtility.CrossBrowser_BaseClass" name="logIn" time="1.846">
    <system-out>
      <![CDATA[Swag Labs Page : Pass]]>
    </system-out>
  </testcase> <!-- logIn -->
  <testcase classname="GenericUtility.CrossBrowser_BaseClass" name="logIn" time="1.840">
    <system-out>
      <![CDATA[Swag Labs Page : Pass]]>
    </system-out>
  </testcase> <!-- logIn -->
  <testcase classname="GenericUtility.CrossBrowser_BaseClass" name="logIn" time="1.798">
    <system-out>
      <![CDATA[Swag Labs Page : Pass]]>
    </system-out>
  </testcase> <!-- logIn -->
  <system-out>
    <![CDATA[---Exceuting before Suite---
---Exceuting before Test---
---Exceuting before Test---
---Exceuting before Test---
-----Exceuting Before Class-----
-----Exceuting Before Class-----
-----Exceuting Before Class-----
---Exceuting before Method---
---Exceuting before Method---
Swag Labs Page : Pass
---Exceuting after Method---
---Exceuting after Class---
---Exceuting after Test---
Swag Labs Page : Pass
---Exceuting after Method---
---Exceuting after Class---
---Exceuting after Test---
---Exceuting before Method---
Swag Labs Page : Pass
---Exceuting after Method---
---Exceuting after Class---
---Exceuting after Test---
---Exceuting after Suite---]]>
  </system-out>
</testsuite> <!-- GenericUtility.CrossBrowser_BaseClass -->
