<?xml version="1.0" encoding="UTF-8"?>
<!-- Generated by org.testng.reporters.JUnitXMLReporter -->
<testsuite ignored="0" hostname="Monica" failures="0" tests="3" name="Default test" time="47.51" errors="0" timestamp="2026-03-25T14:25:26 IST">
  <testcase classname="demo_ExtentReports.CaptureScreenshot" name="screenShot" time="13.94"/>
  <testcase classname="demo_ExtentReports.CaptureScreenshot" name="screenShot" time="15.553"/>
  <testcase classname="demo_ExtentReports.CaptureScreenshot" name="screenShot" time="17.959"/>
</testsuite> <!-- Default test -->
